<?xml version="1.0" encoding="UTF-8"?>
<testsuite name="AppTest" tests="5" skipped="0" failures="0" errors="0" timestamp="2021-10-12T21:08:51" hostname="DESKTOP-JUIFRN2" time="0.134">
  <properties/>
  <testcase name="testOneError()" classname="AppTest" time="0.111"/>
  <testcase name="testEmpty()" classname="AppTest" time="0.003"/>
  <testcase name="testManyError()" classname="AppTest" time="0.004"/>
  <testcase name="testFewError()" classname="AppTest" time="0.003"/>
  <testcase name="testNoError()" classname="AppTest" time="0.002"/>
  <system-out><![CDATA[]]></system-out>
  <system-err><![CDATA[]]></system-err>
</testsuite>
